Initialize engine version: 4.6.0f3 (30840d631a27)
GfxDevice: creating device client; threaded=1
Direct3D:
    Version:  Direct3D 11.0 [level 11.0]
    Renderer: NVIDIA GeForce GTX 560 Ti   (ID=0x1200)
    Vendor:   NVIDIA
    VRAM:     977 MB
Begin MonoManager ReloadAssembly
Platform assembly: C:\Users\Dave\Documents\LW_Beta\Server_Data\Managed\UnityEngine.dll (this message is harmless)
Loading C:\Users\Dave\Documents\LW_Beta\Server_Data\Managed\UnityEngine.dll into Unity Child Domain
Platform assembly: C:\Users\Dave\Documents\LW_Beta\Server_Data\Managed\Assembly-CSharp.dll (this message is harmless)
Loading C:\Users\Dave\Documents\LW_Beta\Server_Data\Managed\Assembly-CSharp.dll into Unity Child Domain
Platform assembly: C:\Users\Dave\Documents\LW_Beta\Server_Data\Managed\UnityEngine.UI.dll (this message is harmless)
Loading C:\Users\Dave\Documents\LW_Beta\Server_Data\Managed\UnityEngine.UI.dll into Unity Child Domain
Platform assembly: C:\Users\Dave\Documents\LW_Beta\Server_Data\Managed\Pathfinding.JsonFx.dll (this message is harmless)
Loading C:\Users\Dave\Documents\LW_Beta\Server_Data\Managed\Pathfinding.JsonFx.dll into Unity Child Domain
Platform assembly: C:\Users\Dave\Documents\LW_Beta\Server_Data\Managed\Pathfinding.Ionic.Zip.Reduced.dll (this message is harmless)
Loading C:\Users\Dave\Documents\LW_Beta\Server_Data\Managed\Pathfinding.Ionic.Zip.Reduced.dll into Unity Child Domain
- Completed reload, in  0.046 seconds
desktop: 1920x1200 59Hz; virtual: 3840x1200 at 0,0
<RI> Initializing input.
<RI> Input initialized.
Platform assembly: C:\Users\Dave\Documents\LW_Beta\Server_Data\Managed\System.Core.dll (this message is harmless)
Platform assembly: C:\Users\Dave\Documents\LW_Beta\Server_Data\Managed\System.dll (this message is harmless)
The referenced script on this Behaviour is missing!
 
(Filename:  Line: 1788)

MasterServerEvent: HostListReceived
 
(Filename: C:/BuildAgent/work/d63dfc6385190b60/artifacts/StandalonePlayerGenerated/UnityEngineDebug.cpp Line: 49)

Client: connected to server
 
(Filename: C:/BuildAgent/work/d63dfc6385190b60/artifacts/StandalonePlayerGenerated/UnityEngineDebug.cpp Line: 49)

Scanning - Process took 105 ms to complete
 
(Filename: C:/BuildAgent/work/d63dfc6385190b60/artifacts/StandalonePlayerGenerated/UnityEngineDebug.cpp Line: 49)

Path Completed : Computation Time 3.00 ms Searched Nodes 55 Path Length 55
Path Number 1
 
(Filename: C:/BuildAgent/work/d63dfc6385190b60/artifacts/StandalonePlayerGenerated/UnityEngineDebug.cpp Line: 49)

Yay, we got a path back. Did it have an error? False
 
(Filename: C:/BuildAgent/work/d63dfc6385190b60/artifacts/StandalonePlayerGenerated/UnityEngineDebug.cpp Line: 49)

Path Completed : Computation Time 0.00 ms Searched Nodes 46 Path Length 46
Path Number 2
 
(Filename: C:/BuildAgent/work/d63dfc6385190b60/artifacts/StandalonePlayerGenerated/UnityEngineDebug.cpp Line: 49)

Yay, we got a path back. Did it have an error? False
 
(Filename: C:/BuildAgent/work/d63dfc6385190b60/artifacts/StandalonePlayerGenerated/UnityEngineDebug.cpp Line: 49)

Path Completed : Computation Time 0.00 ms Searched Nodes 55 Path Length 55
Path Number 3
 
(Filename: C:/BuildAgent/work/d63dfc6385190b60/artifacts/StandalonePlayerGenerated/UnityEngineDebug.cpp Line: 49)

Yay, we got a path back. Did it have an error? False
 
(Filename: C:/BuildAgent/work/d63dfc6385190b60/artifacts/StandalonePlayerGenerated/UnityEngineDebug.cpp Line: 49)

Path Completed : Computation Time 0.00 ms Searched Nodes 53 Path Length 53
Path Number 4
 
(Filename: C:/BuildAgent/work/d63dfc6385190b60/artifacts/StandalonePlayerGenerated/UnityEngineDebug.cpp Line: 49)

Yay, we got a path back. Did it have an error? False
 
(Filename: C:/BuildAgent/work/d63dfc6385190b60/artifacts/StandalonePlayerGenerated/UnityEngineDebug.cpp Line: 49)

Path Completed : Computation Time 0.00 ms Searched Nodes 37 Path Length 37
Path Number 5
 
(Filename: C:/BuildAgent/work/d63dfc6385190b60/artifacts/StandalonePlayerGenerated/UnityEngineDebug.cpp Line: 49)

Yay, we got a path back. Did it have an error? False
 
(Filename: C:/BuildAgent/work/d63dfc6385190b60/artifacts/StandalonePlayerGenerated/UnityEngineDebug.cpp Line: 49)

Path Completed : Computation Time 0.00 ms Searched Nodes 50 Path Length 50
Path Number 6
 
(Filename: C:/BuildAgent/work/d63dfc6385190b60/artifacts/StandalonePlayerGenerated/UnityEngineDebug.cpp Line: 49)

Yay, we got a path back. Did it have an error? False
 
(Filename: C:/BuildAgent/work/d63dfc6385190b60/artifacts/StandalonePlayerGenerated/UnityEngineDebug.cpp Line: 49)

Path Completed : Computation Time 0.00 ms Searched Nodes 34 Path Length 34
Path Number 7
 
(Filename: C:/BuildAgent/work/d63dfc6385190b60/artifacts/StandalonePlayerGenerated/UnityEngineDebug.cpp Line: 49)

Yay, we got a path back. Did it have an error? False
 
(Filename: C:/BuildAgent/work/d63dfc6385190b60/artifacts/StandalonePlayerGenerated/UnityEngineDebug.cpp Line: 49)

Path Completed : Computation Time 0.00 ms Searched Nodes 47 Path Length 47
Path Number 8
 
(Filename: C:/BuildAgent/work/d63dfc6385190b60/artifacts/StandalonePlayerGenerated/UnityEngineDebug.cpp Line: 49)

Yay, we got a path back. Did it have an error? False
 
(Filename: C:/BuildAgent/work/d63dfc6385190b60/artifacts/StandalonePlayerGenerated/UnityEngineDebug.cpp Line: 49)

Path Completed : Computation Time 0.00 ms Searched Nodes 31 Path Length 31
Path Number 9
 
(Filename: C:/BuildAgent/work/d63dfc6385190b60/artifacts/StandalonePlayerGenerated/UnityEngineDebug.cpp Line: 49)

Yay, we got a path back. Did it have an error? False
 
(Filename: C:/BuildAgent/work/d63dfc6385190b60/artifacts/StandalonePlayerGenerated/UnityEngineDebug.cpp Line: 49)

Destroying enemy
 
(Filename: C:/BuildAgent/work/d63dfc6385190b60/artifacts/StandalonePlayerGenerated/UnityEngineDebug.cpp Line: 49)

Path Completed : Computation Time 0.00 ms Searched Nodes 44 Path Length 44
Path Number 10
 
(Filename: C:/BuildAgent/work/d63dfc6385190b60/artifacts/StandalonePlayerGenerated/UnityEngineDebug.cpp Line: 49)

Yay, we got a path back. Did it have an error? False
 
(Filename: C:/BuildAgent/work/d63dfc6385190b60/artifacts/StandalonePlayerGenerated/UnityEngineDebug.cpp Line: 49)

Path Completed : Computation Time 1.00 ms Searched Nodes 55 Path Length 55
Path Number 11
 
(Filename: C:/BuildAgent/work/d63dfc6385190b60/artifacts/StandalonePlayerGenerated/UnityEngineDebug.cpp Line: 49)

Yay, we got a path back. Did it have an error? False
 
(Filename: C:/BuildAgent/work/d63dfc6385190b60/artifacts/StandalonePlayerGenerated/UnityEngineDebug.cpp Line: 49)

Destroying enemy
 
(Filename: C:/BuildAgent/work/d63dfc6385190b60/artifacts/StandalonePlayerGenerated/UnityEngineDebug.cpp Line: 49)

Path Completed : Computation Time 1.00 ms Searched Nodes 55 Path Length 55
Path Number 12
 
(Filename: C:/BuildAgent/work/d63dfc6385190b60/artifacts/StandalonePlayerGenerated/UnityEngineDebug.cpp Line: 49)

Yay, we got a path back. Did it have an error? False
 
(Filename: C:/BuildAgent/work/d63dfc6385190b60/artifacts/StandalonePlayerGenerated/UnityEngineDebug.cpp Line: 49)

Destroying enemy
 
(Filename: C:/BuildAgent/work/d63dfc6385190b60/artifacts/StandalonePlayerGenerated/UnityEngineDebug.cpp Line: 49)

Path Completed : Computation Time 0.00 ms Searched Nodes 55 Path Length 55
Path Number 13
 
(Filename: C:/BuildAgent/work/d63dfc6385190b60/artifacts/StandalonePlayerGenerated/UnityEngineDebug.cpp Line: 49)

Yay, we got a path back. Did it have an error? False
 
(Filename: C:/BuildAgent/work/d63dfc6385190b60/artifacts/StandalonePlayerGenerated/UnityEngineDebug.cpp Line: 49)

Destroying enemy
 
(Filename: C:/BuildAgent/work/d63dfc6385190b60/artifacts/StandalonePlayerGenerated/UnityEngineDebug.cpp Line: 49)

Path Completed : Computation Time 0.00 ms Searched Nodes 55 Path Length 55
Path Number 14
 
(Filename: C:/BuildAgent/work/d63dfc6385190b60/artifacts/StandalonePlayerGenerated/UnityEngineDebug.cpp Line: 49)

Yay, we got a path back. Did it have an error? False
 
(Filename: C:/BuildAgent/work/d63dfc6385190b60/artifacts/StandalonePlayerGenerated/UnityEngineDebug.cpp Line: 49)

Destroying enemy
 
(Filename: C:/BuildAgent/work/d63dfc6385190b60/artifacts/StandalonePlayerGenerated/UnityEngineDebug.cpp Line: 49)

Path Completed : Computation Time 0.00 ms Searched Nodes 55 Path Length 55
Path Number 15
 
(Filename: C:/BuildAgent/work/d63dfc6385190b60/artifacts/StandalonePlayerGenerated/UnityEngineDebug.cpp Line: 49)

Yay, we got a path back. Did it have an error? False
 
(Filename: C:/BuildAgent/work/d63dfc6385190b60/artifacts/StandalonePlayerGenerated/UnityEngineDebug.cpp Line: 49)

Destroying enemy
 
(Filename: C:/BuildAgent/work/d63dfc6385190b60/artifacts/StandalonePlayerGenerated/UnityEngineDebug.cpp Line: 49)

Path Completed : Computation Time 0.00 ms Searched Nodes 55 Path Length 55
Path Number 16
 
(Filename: C:/BuildAgent/work/d63dfc6385190b60/artifacts/StandalonePlayerGenerated/UnityEngineDebug.cpp Line: 49)

Yay, we got a path back. Did it have an error? False
 
(Filename: C:/BuildAgent/work/d63dfc6385190b60/artifacts/StandalonePlayerGenerated/UnityEngineDebug.cpp Line: 49)

Destroying enemy
 
(Filename: C:/BuildAgent/work/d63dfc6385190b60/artifacts/StandalonePlayerGenerated/UnityEngineDebug.cpp Line: 49)

Initialize engine version: 4.6.0f3 (30840d631a27)
GfxDevice: creating device client; threaded=1
Direct3D:
    Version:  Direct3D 11.0 [level 11.0]
    Renderer: NVIDIA GeForce GTX 560 Ti   (ID=0x1200)
    Vendor:   NVIDIA
    VRAM:     977 MB
Begin MonoManager ReloadAssembly
Platform assembly: C:\Users\Dave\Documents\LW_Beta\Server_Data\Managed\UnityEngine.dll (this message is harmless)
Loading C:\Users\Dave\Documents\LW_Beta\Server_Data\Managed\UnityEngine.dll into Unity Child Domain
Platform assembly: C:\Users\Dave\Documents\LW_Beta\Server_Data\Managed\Assembly-CSharp.dll (this message is harmless)
Loading C:\Users\Dave\Documents\LW_Beta\Server_Data\Managed\Assembly-CSharp.dll into Unity Child Domain
Platform assembly: C:\Users\Dave\Documents\LW_Beta\Server_Data\Managed\UnityEngine.UI.dll (this message is harmless)
Loading C:\Users\Dave\Documents\LW_Beta\Server_Data\Managed\UnityEngine.UI.dll into Unity Child Domain
Platform assembly: C:\Users\Dave\Documents\LW_Beta\Server_Data\Managed\Pathfinding.JsonFx.dll (this message is harmless)
Loading C:\Users\Dave\Documents\LW_Beta\Server_Data\Managed\Pathfinding.JsonFx.dll into Unity Child Domain
Platform assembly: C:\Users\Dave\Documents\LW_Beta\Server_Data\Managed\Pathfinding.Ionic.Zip.Reduced.dll (this message is harmless)
Loading C:\Users\Dave\Documents\LW_Beta\Server_Data\Managed\Pathfinding.Ionic.Zip.Reduced.dll into Unity Child Domain
- Completed reload, in  0.044 seconds
desktop: 1920x1200 59Hz; virtual: 3840x1200 at 0,0
<RI> Initializing input.
<RI> Input initialized.
Path Completed : Computation Time 0.00 ms Searched Nodes 55 Path Length 55
Path Number 17
 
(Filename: C:/BuildAgent/work/d63dfc6385190b60/artifacts/StandalonePlayerGenerated/UnityEngineDebug.cpp Line: 49)

Yay, we got a path back. Did it have an error? False
 
(Filename: C:/BuildAgent/work/d63dfc6385190b60/artifacts/StandalonePlayerGenerated/UnityEngineDebug.cpp Line: 49)

Destroying enemy
 
(Filename: C:/BuildAgent/work/d63dfc6385190b60/artifacts/StandalonePlayerGenerated/UnityEngineDebug.cpp Line: 49)

Path Completed : Computation Time 0.00 ms Searched Nodes 55 Path Length 55
Path Number 18
 
(Filename: C:/BuildAgent/work/d63dfc6385190b60/artifacts/StandalonePlayerGenerated/UnityEngineDebug.cpp Line: 49)

Yay, we got a path back. Did it have an error? False
 
(Filename: C:/BuildAgent/work/d63dfc6385190b60/artifacts/StandalonePlayerGenerated/UnityEngineDebug.cpp Line: 49)

Destroying enemy
 
(Filename: C:/BuildAgent/work/d63dfc6385190b60/artifacts/StandalonePlayerGenerated/UnityEngineDebug.cpp Line: 49)

Platform assembly: C:\Users\Dave\Documents\LW_Beta\Server_Data\Managed\System.Core.dll (this message is harmless)
Platform assembly: C:\Users\Dave\Documents\LW_Beta\Server_Data\Managed\System.dll (this message is harmless)
The referenced script on this Behaviour is missing!
 
(Filename:  Line: 1788)

Path Completed : Computation Time 0.00 ms Searched Nodes 55 Path Length 55
Path Number 19
 
(Filename: C:/BuildAgent/work/d63dfc6385190b60/artifacts/StandalonePlayerGenerated/UnityEngineDebug.cpp Line: 49)

Yay, we got a path back. Did it have an error? False
 
(Filename: C:/BuildAgent/work/d63dfc6385190b60/artifacts/StandalonePlayerGenerated/UnityEngineDebug.cpp Line: 49)

MasterServerEvent: HostListReceived
 
(Filename: C:/BuildAgent/work/d63dfc6385190b60/artifacts/StandalonePlayerGenerated/UnityEngineDebug.cpp Line: 49)

Destroying enemy
 
(Filename: C:/BuildAgent/work/d63dfc6385190b60/artifacts/StandalonePlayerGenerated/UnityEngineDebug.cpp Line: 49)

Client: connected to server
 
(Filename: C:/BuildAgent/work/d63dfc6385190b60/artifacts/StandalonePlayerGenerated/UnityEngineDebug.cpp Line: 49)

You should NOT have more than one AstarPath component in the scene at any time.
This can cause serious errors since the AstarPath component builds around a singleton pattern.
 
(Filename: C:/BuildAgent/work/d63dfc6385190b60/artifacts/StandalonePlayerGenerated/UnityEngineDebug.cpp Line: 49)

Scanning - Process took 94 ms to complete
 
(Filename: C:/BuildAgent/work/d63dfc6385190b60/artifacts/StandalonePlayerGenerated/UnityEngineDebug.cpp Line: 49)

Path Completed : Computation Time 0.00 ms Searched Nodes 55 Path Length 55
Path Number 1
 
(Filename: C:/BuildAgent/work/d63dfc6385190b60/artifacts/StandalonePlayerGenerated/UnityEngineDebug.cpp Line: 49)

Yay, we got a path back. Did it have an error? False
 
(Filename: C:/BuildAgent/work/d63dfc6385190b60/artifacts/StandalonePlayerGenerated/UnityEngineDebug.cpp Line: 49)

Scanning - Process took 109 ms to complete
 
(Filename: C:/BuildAgent/work/d63dfc6385190b60/artifacts/StandalonePlayerGenerated/UnityEngineDebug.cpp Line: 49)

You should NOT have more than one AstarPath component in the scene at any time.
This can cause serious errors since the AstarPath component builds around a singleton pattern.
 
(Filename: C:/BuildAgent/work/d63dfc6385190b60/artifacts/StandalonePlayerGenerated/UnityEngineDebug.cpp Line: 49)

Scanning - Process took 91 ms to complete
 
(Filename: C:/BuildAgent/work/d63dfc6385190b60/artifacts/StandalonePlayerGenerated/UnityEngineDebug.cpp Line: 49)

Path Completed : Computation Time 3.00 ms Searched Nodes 55 Path Length 55
Path Number 1
 
(Filename: C:/BuildAgent/work/d63dfc6385190b60/artifacts/StandalonePlayerGenerated/UnityEngineDebug.cpp Line: 49)

Yay, we got a path back. Did it have an error? False
 
(Filename: C:/BuildAgent/work/d63dfc6385190b60/artifacts/StandalonePlayerGenerated/UnityEngineDebug.cpp Line: 49)

ArgumentException: You are releasing a path which has not been claimed with this object (A* (AstarPath)). Are you releasing the path with the same object twice?
  at Pathfinding.Path.ReleaseSilent (System.Object o) [0x00000] in <filename unknown>:0 
  at AstarPath.ReturnPaths (Boolean timeSlice) [0x00000] in <filename unknown>:0 
  at AstarPath.Update () [0x00000] in <filename unknown>:0 
 
(Filename:  Line: -1)

Path Completed : Computation Time 0.00 ms Searched Nodes 55 Path Length 55
Path Number 2
 
(Filename: C:/BuildAgent/work/d63dfc6385190b60/artifacts/StandalonePlayerGenerated/UnityEngineDebug.cpp Line: 49)

Yay, we got a path back. Did it have an error? False
 
(Filename: C:/BuildAgent/work/d63dfc6385190b60/artifacts/StandalonePlayerGenerated/UnityEngineDebug.cpp Line: 49)

Path Completed : Computation Time 0.00 ms Searched Nodes 55 Path Length 55
Path Number 2
 
(Filename: C:/BuildAgent/work/d63dfc6385190b60/artifacts/StandalonePlayerGenerated/UnityEngineDebug.cpp Line: 49)

Yay, we got a path back. Did it have an error? False
 
(Filename: C:/BuildAgent/work/d63dfc6385190b60/artifacts/StandalonePlayerGenerated/UnityEngineDebug.cpp Line: 49)

ArgumentException: You are releasing a path which has not been claimed with this object (A* (AstarPath)). Are you releasing the path with the same object twice?
  at Pathfinding.Path.ReleaseSilent (System.Object o) [0x00000] in <filename unknown>:0 
  at AstarPath.ReturnPaths (Boolean timeSlice) [0x00000] in <filename unknown>:0 
  at AstarPath.Update () [0x00000] in <filename unknown>:0 
 
(Filename:  Line: -1)

Destroying enemy
 
(Filename: C:/BuildAgent/work/d63dfc6385190b60/artifacts/StandalonePlayerGenerated/UnityEngineDebug.cpp Line: 49)

Path Completed : Computation Time 0.00 ms Searched Nodes 55 Path Length 55
Path Number 3
 
(Filename: C:/BuildAgent/work/d63dfc6385190b60/artifacts/StandalonePlayerGenerated/UnityEngineDebug.cpp Line: 49)

Yay, we got a path back. Did it have an error? False
 
(Filename: C:/BuildAgent/work/d63dfc6385190b60/artifacts/StandalonePlayerGenerated/UnityEngineDebug.cpp Line: 49)

Path Completed : Computation Time 0.00 ms Searched Nodes 55 Path Length 55
Path Number 3
 
(Filename: C:/BuildAgent/work/d63dfc6385190b60/artifacts/StandalonePlayerGenerated/UnityEngineDebug.cpp Line: 49)

Yay, we got a path back. Did it have an error? False
 
(Filename: C:/BuildAgent/work/d63dfc6385190b60/artifacts/StandalonePlayerGenerated/UnityEngineDebug.cpp Line: 49)

ArgumentException: You are releasing a path which has not been claimed with this object (A* (AstarPath)). Are you releasing the path with the same object twice?
  at Pathfinding.Path.ReleaseSilent (System.Object o) [0x00000] in <filename unknown>:0 
  at AstarPath.ReturnPaths (Boolean timeSlice) [0x00000] in <filename unknown>:0 
  at AstarPath.Update () [0x00000] in <filename unknown>:0 
 
(Filename:  Line: -1)

Path Completed : Computation Time 0.00 ms Searched Nodes 55 Path Length 55
Path Number 4
 
(Filename: C:/BuildAgent/work/d63dfc6385190b60/artifacts/StandalonePlayerGenerated/UnityEngineDebug.cpp Line: 49)

Yay, we got a path back. Did it have an error? False
 
(Filename: C:/BuildAgent/work/d63dfc6385190b60/artifacts/StandalonePlayerGenerated/UnityEngineDebug.cpp Line: 49)

Path Completed : Computation Time 0.00 ms Searched Nodes 55 Path Length 55
Path Number 4
 
(Filename: C:/BuildAgent/work/d63dfc6385190b60/artifacts/StandalonePlayerGenerated/UnityEngineDebug.cpp Line: 49)

Yay, we got a path back. Did it have an error? False
 
(Filename: C:/BuildAgent/work/d63dfc6385190b60/artifacts/StandalonePlayerGenerated/UnityEngineDebug.cpp Line: 49)

ArgumentException: You are releasing a path which has not been claimed with this object (A* (AstarPath)). Are you releasing the path with the same object twice?
  at Pathfinding.Path.ReleaseSilent (System.Object o) [0x00000] in <filename unknown>:0 
  at AstarPath.ReturnPaths (Boolean timeSlice) [0x00000] in <filename unknown>:0 
  at AstarPath.Update () [0x00000] in <filename unknown>:0 
 
(Filename:  Line: -1)

Destroying enemy
 
(Filename: C:/BuildAgent/work/d63dfc6385190b60/artifacts/StandalonePlayerGenerated/UnityEngineDebug.cpp Line: 49)

Path Completed : Computation Time 0.00 ms Searched Nodes 55 Path Length 55
Path Number 5
 
(Filename: C:/BuildAgent/work/d63dfc6385190b60/artifacts/StandalonePlayerGenerated/UnityEngineDebug.cpp Line: 49)

Yay, we got a path back. Did it have an error? False
 
(Filename: C:/BuildAgent/work/d63dfc6385190b60/artifacts/StandalonePlayerGenerated/UnityEngineDebug.cpp Line: 49)

Path Completed : Computation Time 0.00 ms Searched Nodes 55 Path Length 55
Path Number 5
 
(Filename: C:/BuildAgent/work/d63dfc6385190b60/artifacts/StandalonePlayerGenerated/UnityEngineDebug.cpp Line: 49)

Yay, we got a path back. Did it have an error? False
 
(Filename: C:/BuildAgent/work/d63dfc6385190b60/artifacts/StandalonePlayerGenerated/UnityEngineDebug.cpp Line: 49)

ArgumentException: You are releasing a path which has not been claimed with this object (A* (AstarPath)). Are you releasing the path with the same object twice?
  at Pathfinding.Path.ReleaseSilent (System.Object o) [0x00000] in <filename unknown>:0 
  at AstarPath.ReturnPaths (Boolean timeSlice) [0x00000] in <filename unknown>:0 
  at AstarPath.Update () [0x00000] in <filename unknown>:0 
 
(Filename:  Line: -1)

Path Completed : Computation Time 0.00 ms Searched Nodes 55 Path Length 55
Path Number 6
 
(Filename: C:/BuildAgent/work/d63dfc6385190b60/artifacts/StandalonePlayerGenerated/UnityEngineDebug.cpp Line: 49)

Yay, we got a path back. Did it have an error? False
 
(Filename: C:/BuildAgent/work/d63dfc6385190b60/artifacts/StandalonePlayerGenerated/UnityEngineDebug.cpp Line: 49)

Path Completed : Computation Time 0.00 ms Searched Nodes 55 Path Length 55
Path Number 6
 
(Filename: C:/BuildAgent/work/d63dfc6385190b60/artifacts/StandalonePlayerGenerated/UnityEngineDebug.cpp Line: 49)

Yay, we got a path back. Did it have an error? False
 
(Filename: C:/BuildAgent/work/d63dfc6385190b60/artifacts/StandalonePlayerGenerated/UnityEngineDebug.cpp Line: 49)

ArgumentException: You are releasing a path which has not been claimed with this object (A* (AstarPath)). Are you releasing the path with the same object twice?
  at Pathfinding.Path.ReleaseSilent (System.Object o) [0x00000] in <filename unknown>:0 
  at AstarPath.ReturnPaths (Boolean timeSlice) [0x00000] in <filename unknown>:0 
  at AstarPath.Update () [0x00000] in <filename unknown>:0 
 
(Filename:  Line: -1)

Destroying enemy
 
(Filename: C:/BuildAgent/work/d63dfc6385190b60/artifacts/StandalonePlayerGenerated/UnityEngineDebug.cpp Line: 49)

Path Completed : Computation Time 0.00 ms Searched Nodes 55 Path Length 55
Path Number 7
 
(Filename: C:/BuildAgent/work/d63dfc6385190b60/artifacts/StandalonePlayerGenerated/UnityEngineDebug.cpp Line: 49)

Yay, we got a path back. Did it have an error? False
 
(Filename: C:/BuildAgent/work/d63dfc6385190b60/artifacts/StandalonePlayerGenerated/UnityEngineDebug.cpp Line: 49)

Path Completed : Computation Time 0.00 ms Searched Nodes 55 Path Length 55
Path Number 7
 
(Filename: C:/BuildAgent/work/d63dfc6385190b60/artifacts/StandalonePlayerGenerated/UnityEngineDebug.cpp Line: 49)

Yay, we got a path back. Did it have an error? False
 
(Filename: C:/BuildAgent/work/d63dfc6385190b60/artifacts/StandalonePlayerGenerated/UnityEngineDebug.cpp Line: 49)

ArgumentException: You are releasing a path which has not been claimed with this object (A* (AstarPath)). Are you releasing the path with the same object twice?
  at Pathfinding.Path.ReleaseSilent (System.Object o) [0x00000] in <filename unknown>:0 
  at AstarPath.ReturnPaths (Boolean timeSlice) [0x00000] in <filename unknown>:0 
  at AstarPath.Update () [0x00000] in <filename unknown>:0 
 
(Filename:  Line: -1)

Path Completed : Computation Time 0.00 ms Searched Nodes 55 Path Length 55
Path Number 8
 
(Filename: C:/BuildAgent/work/d63dfc6385190b60/artifacts/StandalonePlayerGenerated/UnityEngineDebug.cpp Line: 49)

Yay, we got a path back. Did it have an error? False
 
(Filename: C:/BuildAgent/work/d63dfc6385190b60/artifacts/StandalonePlayerGenerated/UnityEngineDebug.cpp Line: 49)

Path Completed : Computation Time 0.00 ms Searched Nodes 55 Path Length 55
Path Number 8
 
(Filename: C:/BuildAgent/work/d63dfc6385190b60/artifacts/StandalonePlayerGenerated/UnityEngineDebug.cpp Line: 49)

Yay, we got a path back. Did it have an error? False
 
(Filename: C:/BuildAgent/work/d63dfc6385190b60/artifacts/StandalonePlayerGenerated/UnityEngineDebug.cpp Line: 49)

ArgumentException: You are releasing a path which has not been claimed with this object (A* (AstarPath)). Are you releasing the path with the same object twice?
  at Pathfinding.Path.ReleaseSilent (System.Object o) [0x00000] in <filename unknown>:0 
  at AstarPath.ReturnPaths (Boolean timeSlice) [0x00000] in <filename unknown>:0 
  at AstarPath.Update () [0x00000] in <filename unknown>:0 
 
(Filename:  Line: -1)

Destroying enemy
 
(Filename: C:/BuildAgent/work/d63dfc6385190b60/artifacts/StandalonePlayerGenerated/UnityEngineDebug.cpp Line: 49)

Path Completed : Computation Time 0.00 ms Searched Nodes 55 Path Length 55
Path Number 9
 
(Filename: C:/BuildAgent/work/d63dfc6385190b60/artifacts/StandalonePlayerGenerated/UnityEngineDebug.cpp Line: 49)

Yay, we got a path back. Did it have an error? False
 
(Filename: C:/BuildAgent/work/d63dfc6385190b60/artifacts/StandalonePlayerGenerated/UnityEngineDebug.cpp Line: 49)

Path Completed : Computation Time 0.00 ms Searched Nodes 55 Path Length 55
Path Number 9
 
(Filename: C:/BuildAgent/work/d63dfc6385190b60/artifacts/StandalonePlayerGenerated/UnityEngineDebug.cpp Line: 49)

Yay, we got a path back. Did it have an error? False
 
(Filename: C:/BuildAgent/work/d63dfc6385190b60/artifacts/StandalonePlayerGenerated/UnityEngineDebug.cpp Line: 49)

ArgumentException: You are releasing a path which has not been claimed with this object (A* (AstarPath)). Are you releasing the path with the same object twice?
  at Pathfinding.Path.ReleaseSilent (System.Object o) [0x00000] in <filename unknown>:0 
  at AstarPath.ReturnPaths (Boolean timeSlice) [0x00000] in <filename unknown>:0 
  at AstarPath.Update () [0x00000] in <filename unknown>:0 
 
(Filename:  Line: -1)

Path Completed : Computation Time 0.00 ms Searched Nodes 55 Path Length 55
Path Number 10
 
(Filename: C:/BuildAgent/work/d63dfc6385190b60/artifacts/StandalonePlayerGenerated/UnityEngineDebug.cpp Line: 49)

Yay, we got a path back. Did it have an error? False
 
(Filename: C:/BuildAgent/work/d63dfc6385190b60/artifacts/StandalonePlayerGenerated/UnityEngineDebug.cpp Line: 49)

Path Completed : Computation Time 0.00 ms Searched Nodes 55 Path Length 55
Path Number 10
 
(Filename: C:/BuildAgent/work/d63dfc6385190b60/artifacts/StandalonePlayerGenerated/UnityEngineDebug.cpp Line: 49)

Yay, we got a path back. Did it have an error? False
 
(Filename: C:/BuildAgent/work/d63dfc6385190b60/artifacts/StandalonePlayerGenerated/UnityEngineDebug.cpp Line: 49)

ArgumentException: You are releasing a path which has not been claimed with this object (A* (AstarPath)). Are you releasing the path with the same object twice?
  at Pathfinding.Path.ReleaseSilent (System.Object o) [0x00000] in <filename unknown>:0 
  at AstarPath.ReturnPaths (Boolean timeSlice) [0x00000] in <filename unknown>:0 
  at AstarPath.Update () [0x00000] in <filename unknown>:0 
 
(Filename:  Line: -1)

Destroying enemy
 
(Filename: C:/BuildAgent/work/d63dfc6385190b60/artifacts/StandalonePlayerGenerated/UnityEngineDebug.cpp Line: 49)

Path Completed : Computation Time 1.00 ms Searched Nodes 55 Path Length 55
Path Number 11
 
(Filename: C:/BuildAgent/work/d63dfc6385190b60/artifacts/StandalonePlayerGenerated/UnityEngineDebug.cpp Line: 49)

Yay, we got a path back. Did it have an error? False
 
(Filename: C:/BuildAgent/work/d63dfc6385190b60/artifacts/StandalonePlayerGenerated/UnityEngineDebug.cpp Line: 49)

Path Completed : Computation Time 0.00 ms Searched Nodes 55 Path Length 55
Path Number 11
 
(Filename: C:/BuildAgent/work/d63dfc6385190b60/artifacts/StandalonePlayerGenerated/UnityEngineDebug.cpp Line: 49)

Yay, we got a path back. Did it have an error? False
 
(Filename: C:/BuildAgent/work/d63dfc6385190b60/artifacts/StandalonePlayerGenerated/UnityEngineDebug.cpp Line: 49)

ArgumentException: You are releasing a path which has not been claimed with this object (A* (AstarPath)). Are you releasing the path with the same object twice?
  at Pathfinding.Path.ReleaseSilent (System.Object o) [0x00000] in <filename unknown>:0 
  at AstarPath.ReturnPaths (Boolean timeSlice) [0x00000] in <filename unknown>:0 
  at AstarPath.Update () [0x00000] in <filename unknown>:0 
 
(Filename:  Line: -1)

Path Completed : Computation Time 0.00 ms Searched Nodes 55 Path Length 55
Path Number 12
 
(Filename: C:/BuildAgent/work/d63dfc6385190b60/artifacts/StandalonePlayerGenerated/UnityEngineDebug.cpp Line: 49)

Yay, we got a path back. Did it have an error? False
 
(Filename: C:/BuildAgent/work/d63dfc6385190b60/artifacts/StandalonePlayerGenerated/UnityEngineDebug.cpp Line: 49)

Path Completed : Computation Time 0.00 ms Searched Nodes 55 Path Length 55
Path Number 12
 
(Filename: C:/BuildAgent/work/d63dfc6385190b60/artifacts/StandalonePlayerGenerated/UnityEngineDebug.cpp Line: 49)

Yay, we got a path back. Did it have an error? False
 
(Filename: C:/BuildAgent/work/d63dfc6385190b60/artifacts/StandalonePlayerGenerated/UnityEngineDebug.cpp Line: 49)

ArgumentException: You are releasing a path which has not been claimed with this object (A* (AstarPath)). Are you releasing the path with the same object twice?
  at Pathfinding.Path.ReleaseSilent (System.Object o) [0x00000] in <filename unknown>:0 
  at AstarPath.ReturnPaths (Boolean timeSlice) [0x00000] in <filename unknown>:0 
  at AstarPath.Update () [0x00000] in <filename unknown>:0 
 
(Filename:  Line: -1)

Destroying enemy
 
(Filename: C:/BuildAgent/work/d63dfc6385190b60/artifacts/StandalonePlayerGenerated/UnityEngineDebug.cpp Line: 49)

Path Completed : Computation Time 0.00 ms Searched Nodes 55 Path Length 55
Path Number 13
 
(Filename: C:/BuildAgent/work/d63dfc6385190b60/artifacts/StandalonePlayerGenerated/UnityEngineDebug.cpp Line: 49)

Yay, we got a path back. Did it have an error? False
 
(Filename: C:/BuildAgent/work/d63dfc6385190b60/artifacts/StandalonePlayerGenerated/UnityEngineDebug.cpp Line: 49)

Path Completed : Computation Time 1.00 ms Searched Nodes 55 Path Length 55
Path Number 13
 
(Filename: C:/BuildAgent/work/d63dfc6385190b60/artifacts/StandalonePlayerGenerated/UnityEngineDebug.cpp Line: 49)

Yay, we got a path back. Did it have an error? False
 
(Filename: C:/BuildAgent/work/d63dfc6385190b60/artifacts/StandalonePlayerGenerated/UnityEngineDebug.cpp Line: 49)

ArgumentException: You are releasing a path which has not been claimed with this object (A* (AstarPath)). Are you releasing the path with the same object twice?
  at Pathfinding.Path.ReleaseSilent (System.Object o) [0x00000] in <filename unknown>:0 
  at AstarPath.ReturnPaths (Boolean timeSlice) [0x00000] in <filename unknown>:0 
  at AstarPath.Update () [0x00000] in <filename unknown>:0 
 
(Filename:  Line: -1)

Path Completed : Computation Time 0.00 ms Searched Nodes 55 Path Length 55
Path Number 14
 
(Filename: C:/BuildAgent/work/d63dfc6385190b60/artifacts/StandalonePlayerGenerated/UnityEngineDebug.cpp Line: 49)

Yay, we got a path back. Did it have an error? False
 
(Filename: C:/BuildAgent/work/d63dfc6385190b60/artifacts/StandalonePlayerGenerated/UnityEngineDebug.cpp Line: 49)

Path Completed : Computation Time 0.00 ms Searched Nodes 55 Path Length 55
Path Number 14
 
(Filename: C:/BuildAgent/work/d63dfc6385190b60/artifacts/StandalonePlayerGenerated/UnityEngineDebug.cpp Line: 49)

Yay, we got a path back. Did it have an error? False
 
(Filename: C:/BuildAgent/work/d63dfc6385190b60/artifacts/StandalonePlayerGenerated/UnityEngineDebug.cpp Line: 49)

ArgumentException: You are releasing a path which has not been claimed with this object (A* (AstarPath)). Are you releasing the path with the same object twice?
  at Pathfinding.Path.ReleaseSilent (System.Object o) [0x00000] in <filename unknown>:0 
  at AstarPath.ReturnPaths (Boolean timeSlice) [0x00000] in <filename unknown>:0 
  at AstarPath.Update () [0x00000] in <filename unknown>:0 
 
(Filename:  Line: -1)

Destroying enemy
 
(Filename: C:/BuildAgent/work/d63dfc6385190b60/artifacts/StandalonePlayerGenerated/UnityEngineDebug.cpp Line: 49)

Path Completed : Computation Time 0.00 ms Searched Nodes 55 Path Length 55
Path Number 15
 
(Filename: C:/BuildAgent/work/d63dfc6385190b60/artifacts/StandalonePlayerGenerated/UnityEngineDebug.cpp Line: 49)

Yay, we got a path back. Did it have an error? False
 
(Filename: C:/BuildAgent/work/d63dfc6385190b60/artifacts/StandalonePlayerGenerated/UnityEngineDebug.cpp Line: 49)

Path Completed : Computation Time 0.00 ms Searched Nodes 55 Path Length 55
Path Number 15
 
(Filename: C:/BuildAgent/work/d63dfc6385190b60/artifacts/StandalonePlayerGenerated/UnityEngineDebug.cpp Line: 49)

Yay, we got a path back. Did it have an error? False
 
(Filename: C:/BuildAgent/work/d63dfc6385190b60/artifacts/StandalonePlayerGenerated/UnityEngineDebug.cpp Line: 49)

ArgumentException: You are releasing a path which has not been claimed with this object (A* (AstarPath)). Are you releasing the path with the same object twice?
  at Pathfinding.Path.ReleaseSilent (System.Object o) [0x00000] in <filename unknown>:0 
  at AstarPath.ReturnPaths (Boolean timeSlice) [0x00000] in <filename unknown>:0 
  at AstarPath.Update () [0x00000] in <filename unknown>:0 
 
(Filename:  Line: -1)

Path Completed : Computation Time 0.00 ms Searched Nodes 55 Path Length 55
Path Number 16
 
(Filename: C:/BuildAgent/work/d63dfc6385190b60/artifacts/StandalonePlayerGenerated/UnityEngineDebug.cpp Line: 49)

Yay, we got a path back. Did it have an error? False
 
(Filename: C:/BuildAgent/work/d63dfc6385190b60/artifacts/StandalonePlayerGenerated/UnityEngineDebug.cpp Line: 49)

Path Completed : Computation Time 0.00 ms Searched Nodes 55 Path Length 55
Path Number 16
 
(Filename: C:/BuildAgent/work/d63dfc6385190b60/artifacts/StandalonePlayerGenerated/UnityEngineDebug.cpp Line: 49)

Yay, we got a path back. Did it have an error? False
 
(Filename: C:/BuildAgent/work/d63dfc6385190b60/artifacts/StandalonePlayerGenerated/UnityEngineDebug.cpp Line: 49)

ArgumentException: You are releasing a path which has not been claimed with this object (A* (AstarPath)). Are you releasing the path with the same object twice?
  at Pathfinding.Path.ReleaseSilent (System.Object o) [0x00000] in <filename unknown>:0 
  at AstarPath.ReturnPaths (Boolean timeSlice) [0x00000] in <filename unknown>:0 
  at AstarPath.Update () [0x00000] in <filename unknown>:0 
 
(Filename:  Line: -1)

Destroying enemy
 
(Filename: C:/BuildAgent/work/d63dfc6385190b60/artifacts/StandalonePlayerGenerated/UnityEngineDebug.cpp Line: 49)

Path Completed : Computation Time 0.00 ms Searched Nodes 55 Path Length 55
Path Number 17
 
(Filename: C:/BuildAgent/work/d63dfc6385190b60/artifacts/StandalonePlayerGenerated/UnityEngineDebug.cpp Line: 49)

Yay, we got a path back. Did it have an error? False
 
(Filename: C:/BuildAgent/work/d63dfc6385190b60/artifacts/StandalonePlayerGenerated/UnityEngineDebug.cpp Line: 49)

Path Completed : Computation Time 0.00 ms Searched Nodes 55 Path Length 55
Path Number 17
 
(Filename: C:/BuildAgent/work/d63dfc6385190b60/artifacts/StandalonePlayerGenerated/UnityEngineDebug.cpp Line: 49)

Yay, we got a path back. Did it have an error? False
 
(Filename: C:/BuildAgent/work/d63dfc6385190b60/artifacts/StandalonePlayerGenerated/UnityEngineDebug.cpp Line: 49)

ArgumentException: You are releasing a path which has not been claimed with this object (A* (AstarPath)). Are you releasing the path with the same object twice?
  at Pathfinding.Path.ReleaseSilent (System.Object o) [0x00000] in <filename unknown>:0 
  at AstarPath.ReturnPaths (Boolean timeSlice) [0x00000] in <filename unknown>:0 
  at AstarPath.Update () [0x00000] in <filename unknown>:0 
 
(Filename:  Line: -1)

Path Completed : Computation Time 0.00 ms Searched Nodes 55 Path Length 55
Path Number 18
 
(Filename: C:/BuildAgent/work/d63dfc6385190b60/artifacts/StandalonePlayerGenerated/UnityEngineDebug.cpp Line: 49)

Yay, we got a path back. Did it have an error? False
 
(Filename: C:/BuildAgent/work/d63dfc6385190b60/artifacts/StandalonePlayerGenerated/UnityEngineDebug.cpp Line: 49)

Path Completed : Computation Time 0.00 ms Searched Nodes 55 Path Length 55
Path Number 18
 
(Filename: C:/BuildAgent/work/d63dfc6385190b60/artifacts/StandalonePlayerGenerated/UnityEngineDebug.cpp Line: 49)

Yay, we got a path back. Did it have an error? False
 
(Filename: C:/BuildAgent/work/d63dfc6385190b60/artifacts/StandalonePlayerGenerated/UnityEngineDebug.cpp Line: 49)

ArgumentException: You are releasing a path which has not been claimed with this object (A* (AstarPath)). Are you releasing the path with the same object twice?
  at Pathfinding.Path.ReleaseSilent (System.Object o) [0x00000] in <filename unknown>:0 
  at AstarPath.ReturnPaths (Boolean timeSlice) [0x00000] in <filename unknown>:0 
  at AstarPath.Update () [0x00000] in <filename unknown>:0 
 
(Filename:  Line: -1)

Destroying enemy
 
(Filename: C:/BuildAgent/work/d63dfc6385190b60/artifacts/StandalonePlayerGenerated/UnityEngineDebug.cpp Line: 49)

Path Completed : Computation Time 0.00 ms Searched Nodes 55 Path Length 55
Path Number 19
 
(Filename: C:/BuildAgent/work/d63dfc6385190b60/artifacts/StandalonePlayerGenerated/UnityEngineDebug.cpp Line: 49)

Yay, we got a path back. Did it have an error? False
 
(Filename: C:/BuildAgent/work/d63dfc6385190b60/artifacts/StandalonePlayerGenerated/UnityEngineDebug.cpp Line: 49)

Path Completed : Computation Time 0.00 ms Searched Nodes 55 Path Length 55
Path Number 19
 
(Filename: C:/BuildAgent/work/d63dfc6385190b60/artifacts/StandalonePlayerGenerated/UnityEngineDebug.cpp Line: 49)

Yay, we got a path back. Did it have an error? False
 
(Filename: C:/BuildAgent/work/d63dfc6385190b60/artifacts/StandalonePlayerGenerated/UnityEngineDebug.cpp Line: 49)

ArgumentException: You are releasing a path which has not been claimed with this object (A* (AstarPath)). Are you releasing the path with the same object twice?
  at Pathfinding.Path.ReleaseSilent (System.Object o) [0x00000] in <filename unknown>:0 
  at AstarPath.ReturnPaths (Boolean timeSlice) [0x00000] in <filename unknown>:0 
  at AstarPath.Update () [0x00000] in <filename unknown>:0 
 
(Filename:  Line: -1)

Path Completed : Computation Time 0.00 ms Searched Nodes 55 Path Length 55
Path Number 20
 
(Filename: C:/BuildAgent/work/d63dfc6385190b60/artifacts/StandalonePlayerGenerated/UnityEngineDebug.cpp Line: 49)

Yay, we got a path back. Did it have an error? False
 
(Filename: C:/BuildAgent/work/d63dfc6385190b60/artifacts/StandalonePlayerGenerated/UnityEngineDebug.cpp Line: 49)

Path Completed : Computation Time 0.00 ms Searched Nodes 55 Path Length 55
Path Number 20
 
(Filename: C:/BuildAgent/work/d63dfc6385190b60/artifacts/StandalonePlayerGenerated/UnityEngineDebug.cpp Line: 49)

Yay, we got a path back. Did it have an error? False
 
(Filename: C:/BuildAgent/work/d63dfc6385190b60/artifacts/StandalonePlayerGenerated/UnityEngineDebug.cpp Line: 49)

ArgumentException: You are releasing a path which has not been claimed with this object (A* (AstarPath)). Are you releasing the path with the same object twice?
  at Pathfinding.Path.ReleaseSilent (System.Object o) [0x00000] in <filename unknown>:0 
  at AstarPath.ReturnPaths (Boolean timeSlice) [0x00000] in <filename unknown>:0 
  at AstarPath.Update () [0x00000] in <filename unknown>:0 
 
(Filename:  Line: -1)

Destroying enemy
 
(Filename: C:/BuildAgent/work/d63dfc6385190b60/artifacts/StandalonePlayerGenerated/UnityEngineDebug.cpp Line: 49)

Path Completed : Computation Time 0.00 ms Searched Nodes 55 Path Length 55
Path Number 21
 
(Filename: C:/BuildAgent/work/d63dfc6385190b60/artifacts/StandalonePlayerGenerated/UnityEngineDebug.cpp Line: 49)

Yay, we got a path back. Did it have an error? False
 
(Filename: C:/BuildAgent/work/d63dfc6385190b60/artifacts/StandalonePlayerGenerated/UnityEngineDebug.cpp Line: 49)

Path Completed : Computation Time 0.00 ms Searched Nodes 55 Path Length 55
Path Number 21
 
(Filename: C:/BuildAgent/work/d63dfc6385190b60/artifacts/StandalonePlayerGenerated/UnityEngineDebug.cpp Line: 49)

Yay, we got a path back. Did it have an error? False
 
(Filename: C:/BuildAgent/work/d63dfc6385190b60/artifacts/StandalonePlayerGenerated/UnityEngineDebug.cpp Line: 49)

ArgumentException: You are releasing a path which has not been claimed with this object (A* (AstarPath)). Are you releasing the path with the same object twice?
  at Pathfinding.Path.ReleaseSilent (System.Object o) [0x00000] in <filename unknown>:0 
  at AstarPath.ReturnPaths (Boolean timeSlice) [0x00000] in <filename unknown>:0 
  at AstarPath.Update () [0x00000] in <filename unknown>:0 
 
(Filename:  Line: -1)

Path Completed : Computation Time 0.00 ms Searched Nodes 55 Path Length 55
Path Number 22
 
(Filename: C:/BuildAgent/work/d63dfc6385190b60/artifacts/StandalonePlayerGenerated/UnityEngineDebug.cpp Line: 49)

Yay, we got a path back. Did it have an error? False
 
(Filename: C:/BuildAgent/work/d63dfc6385190b60/artifacts/StandalonePlayerGenerated/UnityEngineDebug.cpp Line: 49)

Path Completed : Computation Time 1.00 ms Searched Nodes 55 Path Length 55
Path Number 22
 
(Filename: C:/BuildAgent/work/d63dfc6385190b60/artifacts/StandalonePlayerGenerated/UnityEngineDebug.cpp Line: 49)

Yay, we got a path back. Did it have an error? False
 
(Filename: C:/BuildAgent/work/d63dfc6385190b60/artifacts/StandalonePlayerGenerated/UnityEngineDebug.cpp Line: 49)

ArgumentException: You are releasing a path which has not been claimed with this object (A* (AstarPath)). Are you releasing the path with the same object twice?
  at Pathfinding.Path.ReleaseSilent (System.Object o) [0x00000] in <filename unknown>:0 
  at AstarPath.ReturnPaths (Boolean timeSlice) [0x00000] in <filename unknown>:0 
  at AstarPath.Update () [0x00000] in <filename unknown>:0 
 
(Filename:  Line: -1)

Destroying enemy
 
(Filename: C:/BuildAgent/work/d63dfc6385190b60/artifacts/StandalonePlayerGenerated/UnityEngineDebug.cpp Line: 49)

Path Completed : Computation Time 0.00 ms Searched Nodes 55 Path Length 55
Path Number 23
 
(Filename: C:/BuildAgent/work/d63dfc6385190b60/artifacts/StandalonePlayerGenerated/UnityEngineDebug.cpp Line: 49)

Yay, we got a path back. Did it have an error? False
 
(Filename: C:/BuildAgent/work/d63dfc6385190b60/artifacts/StandalonePlayerGenerated/UnityEngineDebug.cpp Line: 49)

Path Completed : Computation Time 0.00 ms Searched Nodes 55 Path Length 55
Path Number 23
 
(Filename: C:/BuildAgent/work/d63dfc6385190b60/artifacts/StandalonePlayerGenerated/UnityEngineDebug.cpp Line: 49)

Yay, we got a path back. Did it have an error? False
 
(Filename: C:/BuildAgent/work/d63dfc6385190b60/artifacts/StandalonePlayerGenerated/UnityEngineDebug.cpp Line: 49)

ArgumentException: You are releasing a path which has not been claimed with this object (A* (AstarPath)). Are you releasing the path with the same object twice?
  at Pathfinding.Path.ReleaseSilent (System.Object o) [0x00000] in <filename unknown>:0 
  at AstarPath.ReturnPaths (Boolean timeSlice) [0x00000] in <filename unknown>:0 
  at AstarPath.Update () [0x00000] in <filename unknown>:0 
 
(Filename:  Line: -1)

Path Completed : Computation Time 0.00 ms Searched Nodes 55 Path Length 55
Path Number 24
 
(Filename: C:/BuildAgent/work/d63dfc6385190b60/artifacts/StandalonePlayerGenerated/UnityEngineDebug.cpp Line: 49)

Yay, we got a path back. Did it have an error? False
 
(Filename: C:/BuildAgent/work/d63dfc6385190b60/artifacts/StandalonePlayerGenerated/UnityEngineDebug.cpp Line: 49)

Path Completed : Computation Time 0.00 ms Searched Nodes 55 Path Length 55
Path Number 24
 
(Filename: C:/BuildAgent/work/d63dfc6385190b60/artifacts/StandalonePlayerGenerated/UnityEngineDebug.cpp Line: 49)

Yay, we got a path back. Did it have an error? False
 
(Filename: C:/BuildAgent/work/d63dfc6385190b60/artifacts/StandalonePlayerGenerated/UnityEngineDebug.cpp Line: 49)

ArgumentException: You are releasing a path which has not been claimed with this object (A* (AstarPath)). Are you releasing the path with the same object twice?
  at Pathfinding.Path.ReleaseSilent (System.Object o) [0x00000] in <filename unknown>:0 
  at AstarPath.ReturnPaths (Boolean timeSlice) [0x00000] in <filename unknown>:0 
  at AstarPath.Update () [0x00000] in <filename unknown>:0 
 
(Filename:  Line: -1)

Destroying enemy
 
(Filename: C:/BuildAgent/work/d63dfc6385190b60/artifacts/StandalonePlayerGenerated/UnityEngineDebug.cpp Line: 49)

Path Completed : Computation Time 0.00 ms Searched Nodes 55 Path Length 55
Path Number 25
 
(Filename: C:/BuildAgent/work/d63dfc6385190b60/artifacts/StandalonePlayerGenerated/UnityEngineDebug.cpp Line: 49)

Yay, we got a path back. Did it have an error? False
 
(Filename: C:/BuildAgent/work/d63dfc6385190b60/artifacts/StandalonePlayerGenerated/UnityEngineDebug.cpp Line: 49)

Path Completed : Computation Time 0.00 ms Searched Nodes 55 Path Length 55
Path Number 25
 
(Filename: C:/BuildAgent/work/d63dfc6385190b60/artifacts/StandalonePlayerGenerated/UnityEngineDebug.cpp Line: 49)

Yay, we got a path back. Did it have an error? False
 
(Filename: C:/BuildAgent/work/d63dfc6385190b60/artifacts/StandalonePlayerGenerated/UnityEngineDebug.cpp Line: 49)

ArgumentException: You are releasing a path which has not been claimed with this object (A* (AstarPath)). Are you releasing the path with the same object twice?
  at Pathfinding.Path.ReleaseSilent (System.Object o) [0x00000] in <filename unknown>:0 
  at AstarPath.ReturnPaths (Boolean timeSlice) [0x00000] in <filename unknown>:0 
  at AstarPath.Update () [0x00000] in <filename unknown>:0 
 
(Filename:  Line: -1)

Path Completed : Computation Time 0.00 ms Searched Nodes 55 Path Length 55
Path Number 26
 
(Filename: C:/BuildAgent/work/d63dfc6385190b60/artifacts/StandalonePlayerGenerated/UnityEngineDebug.cpp Line: 49)

Yay, we got a path back. Did it have an error? False
 
(Filename: C:/BuildAgent/work/d63dfc6385190b60/artifacts/StandalonePlayerGenerated/UnityEngineDebug.cpp Line: 49)

Path Completed : Computation Time 0.00 ms Searched Nodes 55 Path Length 55
Path Number 26
 
(Filename: C:/BuildAgent/work/d63dfc6385190b60/artifacts/StandalonePlayerGenerated/UnityEngineDebug.cpp Line: 49)

Yay, we got a path back. Did it have an error? False
 
(Filename: C:/BuildAgent/work/d63dfc6385190b60/artifacts/StandalonePlayerGenerated/UnityEngineDebug.cpp Line: 49)

ArgumentException: You are releasing a path which has not been claimed with this object (A* (AstarPath)). Are you releasing the path with the same object twice?
  at Pathfinding.Path.ReleaseSilent (System.Object o) [0x00000] in <filename unknown>:0 
  at AstarPath.ReturnPaths (Boolean timeSlice) [0x00000] in <filename unknown>:0 
  at AstarPath.Update () [0x00000] in <filename unknown>:0 
 
(Filename:  Line: -1)

Destroying enemy
 
(Filename: C:/BuildAgent/work/d63dfc6385190b60/artifacts/StandalonePlayerGenerated/UnityEngineDebug.cpp Line: 49)

Path Completed : Computation Time 0.00 ms Searched Nodes 55 Path Length 55
Path Number 27
 
(Filename: C:/BuildAgent/work/d63dfc6385190b60/artifacts/StandalonePlayerGenerated/UnityEngineDebug.cpp Line: 49)

Yay, we got a path back. Did it have an error? False
 
(Filename: C:/BuildAgent/work/d63dfc6385190b60/artifacts/StandalonePlayerGenerated/UnityEngineDebug.cpp Line: 49)

Path Completed : Computation Time 0.00 ms Searched Nodes 55 Path Length 55
Path Number 27
 
(Filename: C:/BuildAgent/work/d63dfc6385190b60/artifacts/StandalonePlayerGenerated/UnityEngineDebug.cpp Line: 49)

Yay, we got a path back. Did it have an error? False
 
(Filename: C:/BuildAgent/work/d63dfc6385190b60/artifacts/StandalonePlayerGenerated/UnityEngineDebug.cpp Line: 49)

ArgumentException: You are releasing a path which has not been claimed with this object (A* (AstarPath)). Are you releasing the path with the same object twice?
  at Pathfinding.Path.ReleaseSilent (System.Object o) [0x00000] in <filename unknown>:0 
  at AstarPath.ReturnPaths (Boolean timeSlice) [0x00000] in <filename unknown>:0 
  at AstarPath.Update () [0x00000] in <filename unknown>:0 
 
(Filename:  Line: -1)

Path Completed : Computation Time 0.00 ms Searched Nodes 55 Path Length 55
Path Number 28
 
(Filename: C:/BuildAgent/work/d63dfc6385190b60/artifacts/StandalonePlayerGenerated/UnityEngineDebug.cpp Line: 49)

Yay, we got a path back. Did it have an error? False
 
(Filename: C:/BuildAgent/work/d63dfc6385190b60/artifacts/StandalonePlayerGenerated/UnityEngineDebug.cpp Line: 49)

Path Completed : Computation Time 0.00 ms Searched Nodes 55 Path Length 55
Path Number 28
 
(Filename: C:/BuildAgent/work/d63dfc6385190b60/artifacts/StandalonePlayerGenerated/UnityEngineDebug.cpp Line: 49)

Yay, we got a path back. Did it have an error? False
 
(Filename: C:/BuildAgent/work/d63dfc6385190b60/artifacts/StandalonePlayerGenerated/UnityEngineDebug.cpp Line: 49)

ArgumentException: You are releasing a path which has not been claimed with this object (A* (AstarPath)). Are you releasing the path with the same object twice?
  at Pathfinding.Path.ReleaseSilent (System.Object o) [0x00000] in <filename unknown>:0 
  at AstarPath.ReturnPaths (Boolean timeSlice) [0x00000] in <filename unknown>:0 
  at AstarPath.Update () [0x00000] in <filename unknown>:0 
 
(Filename:  Line: -1)

Destroying enemy
 
(Filename: C:/BuildAgent/work/d63dfc6385190b60/artifacts/StandalonePlayerGenerated/UnityEngineDebug.cpp Line: 49)

Path Completed : Computation Time 1.00 ms Searched Nodes 55 Path Length 55
Path Number 29
 
(Filename: C:/BuildAgent/work/d63dfc6385190b60/artifacts/StandalonePlayerGenerated/UnityEngineDebug.cpp Line: 49)

Yay, we got a path back. Did it have an error? False
 
(Filename: C:/BuildAgent/work/d63dfc6385190b60/artifacts/StandalonePlayerGenerated/UnityEngineDebug.cpp Line: 49)

Path Completed : Computation Time 0.00 ms Searched Nodes 55 Path Length 55
Path Number 29
 
(Filename: C:/BuildAgent/work/d63dfc6385190b60/artifacts/StandalonePlayerGenerated/UnityEngineDebug.cpp Line: 49)

Yay, we got a path back. Did it have an error? False
 
(Filename: C:/BuildAgent/work/d63dfc6385190b60/artifacts/StandalonePlayerGenerated/UnityEngineDebug.cpp Line: 49)

ArgumentException: You are releasing a path which has not been claimed with this object (A* (AstarPath)). Are you releasing the path with the same object twice?
  at Pathfinding.Path.ReleaseSilent (System.Object o) [0x00000] in <filename unknown>:0 
  at AstarPath.ReturnPaths (Boolean timeSlice) [0x00000] in <filename unknown>:0 
  at AstarPath.Update () [0x00000] in <filename unknown>:0 
 
(Filename:  Line: -1)

Path Completed : Computation Time 0.00 ms Searched Nodes 55 Path Length 55
Path Number 30
 
(Filename: C:/BuildAgent/work/d63dfc6385190b60/artifacts/StandalonePlayerGenerated/UnityEngineDebug.cpp Line: 49)

Yay, we got a path back. Did it have an error? False
 
(Filename: C:/BuildAgent/work/d63dfc6385190b60/artifacts/StandalonePlayerGenerated/UnityEngineDebug.cpp Line: 49)

Path Completed : Computation Time 0.00 ms Searched Nodes 55 Path Length 55
Path Number 30
 
(Filename: C:/BuildAgent/work/d63dfc6385190b60/artifacts/StandalonePlayerGenerated/UnityEngineDebug.cpp Line: 49)

Yay, we got a path back. Did it have an error? False
 
(Filename: C:/BuildAgent/work/d63dfc6385190b60/artifacts/StandalonePlayerGenerated/UnityEngineDebug.cpp Line: 49)

ArgumentException: You are releasing a path which has not been claimed with this object (A* (AstarPath)). Are you releasing the path with the same object twice?
  at Pathfinding.Path.ReleaseSilent (System.Object o) [0x00000] in <filename unknown>:0 
  at AstarPath.ReturnPaths (Boolean timeSlice) [0x00000] in <filename unknown>:0 
  at AstarPath.Update () [0x00000] in <filename unknown>:0 
 
(Filename:  Line: -1)

Destroying enemy
 
(Filename: C:/BuildAgent/work/d63dfc6385190b60/artifacts/StandalonePlayerGenerated/UnityEngineDebug.cpp Line: 49)

Successfully diconnected from the server
 
(Filename: C:/BuildAgent/work/d63dfc6385190b60/artifacts/StandalonePlayerGenerated/UnityEngineDebug.cpp Line: 49)

Path Completed : Computation Time 0.00 ms Searched Nodes 55 Path Length 55
Path Number 31
 
(Filename: C:/BuildAgent/work/d63dfc6385190b60/artifacts/StandalonePlayerGenerated/UnityEngineDebug.cpp Line: 49)

Yay, we got a path back. Did it have an error? False
 
(Filename: C:/BuildAgent/work/d63dfc6385190b60/artifacts/StandalonePlayerGenerated/UnityEngineDebug.cpp Line: 49)

ArgumentException: You are releasing a path which has not been claimed with this object (A* (AstarPath)). Are you releasing the path with the same object twice?
  at Pathfinding.Path.ReleaseSilent (System.Object o) [0x00000] in <filename unknown>:0 
  at AstarPath.ReturnPaths (Boolean timeSlice) [0x00000] in <filename unknown>:0 
  at AstarPath.Update () [0x00000] in <filename unknown>:0 
 
(Filename:  Line: -1)

Path Completed : Computation Time 0.00 ms Searched Nodes 55 Path Length 55
Path Number 32
 
(Filename: C:/BuildAgent/work/d63dfc6385190b60/artifacts/StandalonePlayerGenerated/UnityEngineDebug.cpp Line: 49)

Yay, we got a path back. Did it have an error? False
 
(Filename: C:/BuildAgent/work/d63dfc6385190b60/artifacts/StandalonePlayerGenerated/UnityEngineDebug.cpp Line: 49)

Successfully diconnected from the server
 
(Filename: C:/BuildAgent/work/d63dfc6385190b60/artifacts/StandalonePlayerGenerated/UnityEngineDebug.cpp Line: 49)

